<?xml version="1.0" encoding="utf-8"?><testsuites name="pytest tests"><testsuite name="pytest" errors="0" failures="0" skipped="0" tests="22" time="5.244" timestamp="2026-08-22T08:27:54.692309+00:00" hostname="agent-env-d3cf84b0-3483-4bcf-8121-9e7ecde6bbb6"><testcase classname="tests.backend_test.TestRBAC" name="test_team_can_get_transactions" time="0.673" /><testcase classname="tests.backend_test.TestTransactions" name="test_create_income_and_balance_updates" time="1.388" /><testcase classname="tests.backend_test.TestRBAC" name="test_team_can_get_balances" time="0.100" /><testcase classname="tests.backend_test.TestRBAC" name="test_team_cannot_create_transaction" time="0.101" /><testcase classname="tests.backend_test.TestRBAC" name="test_team_cannot_create_debt" time="0.095" /><testcase classname="tests.backend_test.TestRBAC" name="test_team_cannot_access_audit" time="0.094" /><testcase classname="tests.backend_test.TestAuth" name="test_login_owner" time="0.358" /><testcase classname="tests.backend_test.TestTransactions" name="test_lainnya_requires_notes" time="0.742" /><testcase classname="tests.backend_test.TestAuth" name="test_login_invalid" time="0.379" /><testcase classname="tests.backend_test.TestAuth" name="test_me" time="0.435" /><testcase classname="tests.backend_test.TestTransactions" name="test_transfer_updates_two_balances" time="0.518" /><testcase classname="tests.backend_test.TestAuth" name="test_me_unauth" time="0.097" /><testcase classname="tests.backend_test.TestReports" name="test_summary" time="0.101" /><testcase classname="tests.backend_test.TestReports" name="test_pnl" time="0.093" /><testcase classname="tests.backend_test.TestReports" name="test_cashflow" time="0.096" /><testcase classname="tests.backend_test.TestReports" name="test_audit_logs_owner" time="0.098" /><testcase classname="tests.backend_test.TestTransactions" name="test_events_requires_fields" time="0.418" /><testcase classname="tests.backend_test.TestDebts" name="test_debt_hutang_full_flow" time="0.823" /><testcase classname="tests.backend_test.TestTransactions" name="test_edit_transaction" time="0.317" /><testcase classname="tests.backend_test.TestMeta" name="test_meta" time="0.132" /><testcase classname="tests.backend_test.TestDebts" name="test_piutang_payment_is_income" time="0.390" /><testcase classname="tests.backend_test.TestFiles" name="test_upload_and_serve" time="0.768" /></testsuite></testsuites>