<?xml version="1.0" encoding="utf-8"?><testsuites name="pytest tests"><testsuite name="pytest" errors="0" failures="0" skipped="0" tests="18" time="5.544" timestamp="2026-08-24T12:04:01.157516+00:00" hostname="agent-env-d3cf84b0-3483-4bcf-8121-9e7ecde6bbb6"><testcase classname="tests.test_user_management" name="test_team_cannot_list_users" time="0.510" /><testcase classname="tests.test_user_management" name="test_unauthenticated_users_401" time="0.463" /><testcase classname="tests.test_user_management" name="test_owner_can_list_users" time="0.147" /><testcase classname="tests.test_user_management" name="test_create_user_persisted" time="0.497" /><testcase classname="tests.test_user_management" name="test_created_user_can_login" time="0.353" /><testcase classname="tests.test_user_management" name="test_create_user_short_password_400" time="0.129" /><testcase classname="tests.test_user_management" name="test_create_user_duplicate_email_400" time="0.110" /><testcase classname="tests.test_user_management" name="test_team_cannot_create_user" time="0.150" /><testcase classname="tests.test_user_management" name="test_update_role_team_to_owner_grants_write" time="0.766" /><testcase classname="tests.test_user_management" name="test_owner_cannot_change_own_role" time="0.121" /><testcase classname="tests.test_user_management" name="test_update_role_invalid_400" time="0.146" /><testcase classname="tests.test_user_management" name="test_update_role_unknown_user_404" time="0.139" /><testcase classname="tests.test_user_management" name="test_team_cannot_update_role" time="0.132" /><testcase classname="tests.test_user_management" name="test_owner_cannot_delete_self" time="0.128" /><testcase classname="tests.test_user_management" name="test_delete_unknown_user_404" time="0.132" /><testcase classname="tests.test_user_management" name="test_delete_user_and_login_fails" time="1.088" /><testcase classname="tests.test_user_management" name="test_team_cannot_delete_user" time="0.150" /><testcase classname="tests.test_user_management" name="test_audit_log_records_user_actions" time="0.298" /></testsuite></testsuites>